[0.010s] Invoking command in '/workspaces/LiDAR-Liskarm-v1/build/lidar_liskarm_v1': CMAKE_PREFIX_PATH=/opt/ros/humble /usr/bin/cmake --build /workspaces/LiDAR-Liskarm-v1/build/lidar_liskarm_v1 -- -j16 -l16
[0.039s] [35m[1mConsolidate compiler generated dependencies of target liskarm_main[0m
[0.049s] [ 50%] [32mBuilding CXX object CMakeFiles/liskarm_main.dir/src/main.cpp.o[0m
[1.716s] [01m[K/workspaces/LiDAR-Liskarm-v1/src/lidar_liskarm_v1/src/main.cpp:40:2:[m[K [01;31m[Kerror: [m[Kexpected ‘[01m[K;[m[K’ after class definition
[1.717s]    40 | }
[1.717s]       |  [01;31m[K^[m[K
[1.717s]       |  [32m[K;[m[K
[1.717s] [01m[K/workspaces/LiDAR-Liskarm-v1/src/lidar_liskarm_v1/src/main.cpp:[m[K In constructor ‘[01m[KLiskarm_Main::Liskarm_Main()[m[K’:
[1.717s] [01m[K/workspaces/LiDAR-Liskarm-v1/src/lidar_liskarm_v1/src/main.cpp:18:77:[m[K [01;31m[Kerror: [m[Kno matching function for call to ‘[01m[KLiskarm_Main::create_publisher<std_msgs::msg::String>(const char [1])[m[K’
[1.717s]    18 |             state_publisher_ = [01;31m[Kthis->create_publisher<std_msgs::msg::String>("")[m[K
[1.717s]       |                                [01;31m[K~~~~~~~~~~~~~~~~~~~~~~~~~~~~~~~~~~~~~~~~~~~~~^~~~[m[K
[1.717s] In file included from [01m[K/opt/ros/humble/include/rclcpp/rclcpp/executors/single_threaded_executor.hpp:28[m[K,
[1.717s]                  from [01m[K/opt/ros/humble/include/rclcpp/rclcpp/executors.hpp:22[m[K,
[1.717s]                  from [01m[K/opt/ros/humble/include/rclcpp/rclcpp/rclcpp.hpp:155[m[K,
[1.717s]                  from [01m[K/workspaces/LiDAR-Liskarm-v1/src/lidar_liskarm_v1/src/main.cpp:6[m[K:
[1.717s] [01m[K/opt/ros/humble/include/rclcpp/rclcpp/node.hpp:195:3:[m[K [01;36m[Knote: [m[Kcandidate: ‘[01m[Ktemplate<class MessageT, class AllocatorT, class PublisherT> std::shared_ptr<PublisherT> rclcpp::Node::create_publisher(const string&, const rclcpp::QoS&, const rclcpp::PublisherOptionsWithAllocator<AllocatorT>&)[m[K’
[1.717s]   195 |   [01;36m[Kcreate_publisher[m[K(
[1.717s]       |   [01;36m[K^~~~~~~~~~~~~~~~[m[K
[1.717s] [01m[K/opt/ros/humble/include/rclcpp/rclcpp/node.hpp:195:3:[m[K [01;36m[Knote: [m[K  template argument deduction/substitution failed:
[1.717s] [01m[K/workspaces/LiDAR-Liskarm-v1/src/lidar_liskarm_v1/src/main.cpp:18:77:[m[K [01;36m[Knote: [m[K  candidate expects 3 arguments, 1 provided
[1.717s]    18 |             state_publisher_ = [01;36m[Kthis->create_publisher<std_msgs::msg::String>("")[m[K
[1.717s]       |                                [01;36m[K~~~~~~~~~~~~~~~~~~~~~~~~~~~~~~~~~~~~~~~~~~~~~^~~~[m[K
[2.073s] gmake[2]: *** [CMakeFiles/liskarm_main.dir/build.make:76: CMakeFiles/liskarm_main.dir/src/main.cpp.o] Error 1
[2.073s] gmake[1]: *** [CMakeFiles/Makefile2:137: CMakeFiles/liskarm_main.dir/all] Error 2
[2.073s] gmake: *** [Makefile:146: all] Error 2
[2.074s] Invoked command in '/workspaces/LiDAR-Liskarm-v1/build/lidar_liskarm_v1' returned '2': CMAKE_PREFIX_PATH=/opt/ros/humble /usr/bin/cmake --build /workspaces/LiDAR-Liskarm-v1/build/lidar_liskarm_v1 -- -j16 -l16
