[0.018s] Invoking command in '/workspaces/LiDAR-Liskarm-v1/build/lidar_liskarm_v1': CMAKE_PREFIX_PATH=/opt/ros/humble /usr/bin/cmake --build /workspaces/LiDAR-Liskarm-v1/build/lidar_liskarm_v1 -- -j16 -l16
[0.057s] [35m[1mConsolidate compiler generated dependencies of target liskarm_main[0m
[0.077s] [100%] Built target liskarm_main
[0.087s] Invoked command in '/workspaces/LiDAR-Liskarm-v1/build/lidar_liskarm_v1' returned '0': CMAKE_PREFIX_PATH=/opt/ros/humble /usr/bin/cmake --build /workspaces/LiDAR-Liskarm-v1/build/lidar_liskarm_v1 -- -j16 -l16
[0.119s] Invoking command in '/workspaces/LiDAR-Liskarm-v1/build/lidar_liskarm_v1': CMAKE_PREFIX_PATH=/opt/ros/humble /usr/bin/cmake --install /workspaces/LiDAR-Liskarm-v1/build/lidar_liskarm_v1
[0.125s] -- Install configuration: ""
[0.125s] -- Up-to-date: /workspaces/LiDAR-Liskarm-v1/install/lidar_liskarm_v1/lib/lidar_liskarm_v1/liskarm_main
[0.125s] -- Up-to-date: /workspaces/LiDAR-Liskarm-v1/install/lidar_liskarm_v1/share/ament_index/resource_index/package_run_dependencies/lidar_liskarm_v1
[0.126s] -- Up-to-date: /workspaces/LiDAR-Liskarm-v1/install/lidar_liskarm_v1/share/ament_index/resource_index/parent_prefix_path/lidar_liskarm_v1
[0.126s] -- Up-to-date: /workspaces/LiDAR-Liskarm-v1/install/lidar_liskarm_v1/share/lidar_liskarm_v1/environment/ament_prefix_path.sh
[0.126s] -- Up-to-date: /workspaces/LiDAR-Liskarm-v1/install/lidar_liskarm_v1/share/lidar_liskarm_v1/environment/ament_prefix_path.dsv
[0.126s] -- Up-to-date: /workspaces/LiDAR-Liskarm-v1/install/lidar_liskarm_v1/share/lidar_liskarm_v1/environment/path.sh
[0.126s] -- Up-to-date: /workspaces/LiDAR-Liskarm-v1/install/lidar_liskarm_v1/share/lidar_liskarm_v1/environment/path.dsv
[0.126s] -- Up-to-date: /workspaces/LiDAR-Liskarm-v1/install/lidar_liskarm_v1/share/lidar_liskarm_v1/local_setup.bash
[0.126s] -- Up-to-date: /workspaces/LiDAR-Liskarm-v1/install/lidar_liskarm_v1/share/lidar_liskarm_v1/local_setup.sh
[0.126s] -- Up-to-date: /workspaces/LiDAR-Liskarm-v1/install/lidar_liskarm_v1/share/lidar_liskarm_v1/local_setup.zsh
[0.126s] -- Up-to-date: /workspaces/LiDAR-Liskarm-v1/install/lidar_liskarm_v1/share/lidar_liskarm_v1/local_setup.dsv
[0.126s] -- Installing: /workspaces/LiDAR-Liskarm-v1/install/lidar_liskarm_v1/share/lidar_liskarm_v1/package.dsv
[0.126s] -- Up-to-date: /workspaces/LiDAR-Liskarm-v1/install/lidar_liskarm_v1/share/ament_index/resource_index/packages/lidar_liskarm_v1
[0.126s] -- Up-to-date: /workspaces/LiDAR-Liskarm-v1/install/lidar_liskarm_v1/share/lidar_liskarm_v1/cmake/lidar_liskarm_v1Config.cmake
[0.126s] -- Up-to-date: /workspaces/LiDAR-Liskarm-v1/install/lidar_liskarm_v1/share/lidar_liskarm_v1/cmake/lidar_liskarm_v1Config-version.cmake
[0.126s] -- Up-to-date: /workspaces/LiDAR-Liskarm-v1/install/lidar_liskarm_v1/share/lidar_liskarm_v1/package.xml
[0.129s] Invoked command in '/workspaces/LiDAR-Liskarm-v1/build/lidar_liskarm_v1' returned '0': CMAKE_PREFIX_PATH=/opt/ros/humble /usr/bin/cmake --install /workspaces/LiDAR-Liskarm-v1/build/lidar_liskarm_v1
