[0.010s] Invoking command in '/workspaces/LiDAR-Liskarm-v1/build/lidar_liskarm_v1': CMAKE_PREFIX_PATH=/opt/ros/humble /usr/bin/cmake --build /workspaces/LiDAR-Liskarm-v1/build/lidar_liskarm_v1 -- -j16 -l16
[0.021s] -- Found ament_cmake: 1.3.8 (/opt/ros/humble/share/ament_cmake/cmake)
[0.095s] -- Found rclcpp: 16.0.8 (/opt/ros/humble/share/rclcpp/cmake)
[0.138s] -- Found rosidl_generator_c: 3.1.5 (/opt/ros/humble/share/rosidl_generator_c/cmake)
[0.142s] -- Found rosidl_adapter: 3.1.5 (/opt/ros/humble/share/rosidl_adapter/cmake)
[0.151s] -- Found rosidl_generator_cpp: 3.1.5 (/opt/ros/humble/share/rosidl_generator_cpp/cmake)
[0.166s] -- Using all available rosidl_typesupport_c: rosidl_typesupport_fastrtps_c;rosidl_typesupport_introspection_c
[0.181s] -- Using all available rosidl_typesupport_cpp: rosidl_typesupport_fastrtps_cpp;rosidl_typesupport_introspection_cpp
[0.234s] -- Found rmw_implementation_cmake: 6.1.1 (/opt/ros/humble/share/rmw_implementation_cmake/cmake)
[0.236s] -- Found rmw_fastrtps_cpp: 6.2.6 (/opt/ros/humble/share/rmw_fastrtps_cpp/cmake)
[0.306s] -- Found OpenSSL: /usr/lib/x86_64-linux-gnu/libcrypto.so (found version "3.0.2")  
[0.316s] -- Found FastRTPS: /opt/ros/humble/include  
[0.336s] -- Using RMW implementation 'rmw_fastrtps_cpp' as default
[0.345s] -- Looking for pthread.h
[0.397s] -- Looking for pthread.h - found
[0.398s] -- Performing Test CMAKE_HAVE_LIBC_PTHREAD
[0.443s] -- Performing Test CMAKE_HAVE_LIBC_PTHREAD - Success
[0.444s] -- Found Threads: TRUE  
[0.592s] -- Found ament_lint_auto: 0.12.10 (/opt/ros/humble/share/ament_lint_auto/cmake)
[0.634s] -- Added test 'cppcheck' to perform static code analysis on C / C++ code
[0.634s] -- Configured cppcheck include dirs: 
[0.634s] -- Configured cppcheck exclude dirs and/or files: 
[0.634s] -- Added test 'lint_cmake' to check CMake code style
[0.635s] -- Added test 'uncrustify' to check C / C++ code style
[0.635s] -- Configured uncrustify additional arguments: 
[0.635s] -- Added test 'xmllint' to check XML markup files
[0.635s] -- Configuring done
[0.642s] -- Generating done
[0.643s] -- Build files have been written to: /workspaces/LiDAR-Liskarm-v1/build/lidar_liskarm_v1
[0.662s] [ 50%] [32mBuilding CXX object CMakeFiles/liskarm_main.dir/src/main.cpp.o[0m
[3.816s] [01m[K/workspaces/LiDAR-Liskarm-v1/src/lidar_liskarm_v1/src/main.cpp:40:2:[m[K [01;31m[Kerror: [m[Kexpected ‘[01m[K;[m[K’ after class definition
[3.816s]    40 | }
[3.816s]       |  [01;31m[K^[m[K
[3.817s]       |  [32m[K;[m[K
[3.817s] [01m[K/workspaces/LiDAR-Liskarm-v1/src/lidar_liskarm_v1/src/main.cpp:[m[K In constructor ‘[01m[KLiskarm_Main::Liskarm_Main()[m[K’:
[3.817s] [01m[K/workspaces/LiDAR-Liskarm-v1/src/lidar_liskarm_v1/src/main.cpp:18:77:[m[K [01;31m[Kerror: [m[Kno matching function for call to ‘[01m[KLiskarm_Main::create_publisher<std_msgs::msg::String>(const char [1])[m[K’
[3.817s]    18 |             state_publisher_ = [01;31m[Kthis->create_publisher<std_msgs::msg::String>("")[m[K
[3.817s]       |                                [01;31m[K~~~~~~~~~~~~~~~~~~~~~~~~~~~~~~~~~~~~~~~~~~~~~^~~~[m[K
[3.817s] In file included from [01m[K/opt/ros/humble/include/rclcpp/rclcpp/executors/single_threaded_executor.hpp:28[m[K,
[3.817s]                  from [01m[K/opt/ros/humble/include/rclcpp/rclcpp/executors.hpp:22[m[K,
[3.817s]                  from [01m[K/opt/ros/humble/include/rclcpp/rclcpp/rclcpp.hpp:155[m[K,
[3.817s]                  from [01m[K/workspaces/LiDAR-Liskarm-v1/src/lidar_liskarm_v1/src/main.cpp:6[m[K:
[3.817s] [01m[K/opt/ros/humble/include/rclcpp/rclcpp/node.hpp:195:3:[m[K [01;36m[Knote: [m[Kcandidate: ‘[01m[Ktemplate<class MessageT, class AllocatorT, class PublisherT> std::shared_ptr<PublisherT> rclcpp::Node::create_publisher(const string&, const rclcpp::QoS&, const rclcpp::PublisherOptionsWithAllocator<AllocatorT>&)[m[K’
[3.817s]   195 |   [01;36m[Kcreate_publisher[m[K(
[3.817s]       |   [01;36m[K^~~~~~~~~~~~~~~~[m[K
[3.817s] [01m[K/opt/ros/humble/include/rclcpp/rclcpp/node.hpp:195:3:[m[K [01;36m[Knote: [m[K  template argument deduction/substitution failed:
[3.817s] [01m[K/workspaces/LiDAR-Liskarm-v1/src/lidar_liskarm_v1/src/main.cpp:18:77:[m[K [01;36m[Knote: [m[K  candidate expects 3 arguments, 1 provided
[3.817s]    18 |             state_publisher_ = [01;36m[Kthis->create_publisher<std_msgs::msg::String>("")[m[K
[3.818s]       |                                [01;36m[K~~~~~~~~~~~~~~~~~~~~~~~~~~~~~~~~~~~~~~~~~~~~~^~~~[m[K
[3.823s] [01m[K/workspaces/LiDAR-Liskarm-v1/src/lidar_liskarm_v1/src/main.cpp:[m[K In member function ‘[01m[Kvoid Liskarm_Main::timer_callback()[m[K’:
[3.823s] [01m[K/workspaces/LiDAR-Liskarm-v1/src/lidar_liskarm_v1/src/main.cpp:31:13:[m[K [01;31m[Kerror: [m[K‘[01m[Kpublisher_[m[K’ was not declared in this scope; did you mean ‘[01m[Krmw_publisher_t[m[K’?
[3.823s]    31 |             [01;31m[Kpublisher_[m[K->publish(message);
[3.823s]       |             [01;31m[K^~~~~~~~~~[m[K
[3.823s]       |             [32m[Krmw_publisher_t[m[K
[4.268s] gmake[2]: *** [CMakeFiles/liskarm_main.dir/build.make:76: CMakeFiles/liskarm_main.dir/src/main.cpp.o] Error 1
[4.269s] gmake[1]: *** [CMakeFiles/Makefile2:137: CMakeFiles/liskarm_main.dir/all] Error 2
[4.269s] gmake: *** [Makefile:146: all] Error 2
[4.270s] Invoked command in '/workspaces/LiDAR-Liskarm-v1/build/lidar_liskarm_v1' returned '2': CMAKE_PREFIX_PATH=/opt/ros/humble /usr/bin/cmake --build /workspaces/LiDAR-Liskarm-v1/build/lidar_liskarm_v1 -- -j16 -l16
