-- The C compiler identification is GNU 11.4.0
-- The CXX compiler identification is GNU 11.4.0
-- Detecting C compiler ABI info
-- Detecting C compiler ABI info - done
-- Check for working C compiler: /usr/bin/cc - skipped
-- Detecting C compile features
-- Detecting C compile features - done
-- Detecting CXX compiler ABI info
-- Detecting CXX compiler ABI info - done
-- Check for working CXX compiler: /usr/bin/c++ - skipped
-- Detecting CXX compile features
-- Detecting CXX compile features - done
-- Found ament_cmake: 1.3.8 (/opt/ros/humble/share/ament_cmake/cmake)
-- Found Python3: /usr/bin/python3 (found version "3.10.12") found components: Interpreter 
-- Found ament_lint_auto: 0.12.10 (/opt/ros/humble/share/ament_lint_auto/cmake)
-- Added test 'cppcheck' to perform static code analysis on C / C++ code
-- Configured cppcheck include dirs: 
-- Configured cppcheck exclude dirs and/or files: 
-- Added test 'lint_cmake' to check CMake code style
-- Added test 'uncrustify' to check C / C++ code style
-- Configured uncrustify additional arguments: 
-- Added test 'xmllint' to check XML markup files
-- Configuring done
-- Generating done
-- Build files have been written to: /workspaces/LiDAR-Liskarm-v1/build/lidar_liskarm_v1
-- Install configuration: ""
-- Installing: /workspaces/LiDAR-Liskarm-v1/install/lidar_liskarm_v1/share/ament_index/resource_index/package_run_dependencies/lidar_liskarm_v1
-- Installing: /workspaces/LiDAR-Liskarm-v1/install/lidar_liskarm_v1/share/ament_index/resource_index/parent_prefix_path/lidar_liskarm_v1
-- Installing: /workspaces/LiDAR-Liskarm-v1/install/lidar_liskarm_v1/share/lidar_liskarm_v1/environment/ament_prefix_path.sh
-- Installing: /workspaces/LiDAR-Liskarm-v1/install/lidar_liskarm_v1/share/lidar_liskarm_v1/environment/ament_prefix_path.dsv
-- Installing: /workspaces/LiDAR-Liskarm-v1/install/lidar_liskarm_v1/share/lidar_liskarm_v1/environment/path.sh
-- Installing: /workspaces/LiDAR-Liskarm-v1/install/lidar_liskarm_v1/share/lidar_liskarm_v1/environment/path.dsv
-- Installing: /workspaces/LiDAR-Liskarm-v1/install/lidar_liskarm_v1/share/lidar_liskarm_v1/local_setup.bash
-- Installing: /workspaces/LiDAR-Liskarm-v1/install/lidar_liskarm_v1/share/lidar_liskarm_v1/local_setup.sh
-- Installing: /workspaces/LiDAR-Liskarm-v1/install/lidar_liskarm_v1/share/lidar_liskarm_v1/local_setup.zsh
-- Installing: /workspaces/LiDAR-Liskarm-v1/install/lidar_liskarm_v1/share/lidar_liskarm_v1/local_setup.dsv
-- Installing: /workspaces/LiDAR-Liskarm-v1/install/lidar_liskarm_v1/share/lidar_liskarm_v1/package.dsv
-- Installing: /workspaces/LiDAR-Liskarm-v1/install/lidar_liskarm_v1/share/ament_index/resource_index/packages/lidar_liskarm_v1
-- Installing: /workspaces/LiDAR-Liskarm-v1/install/lidar_liskarm_v1/share/lidar_liskarm_v1/cmake/lidar_liskarm_v1Config.cmake
-- Installing: /workspaces/LiDAR-Liskarm-v1/install/lidar_liskarm_v1/share/lidar_liskarm_v1/cmake/lidar_liskarm_v1Config-version.cmake
-- Installing: /workspaces/LiDAR-Liskarm-v1/install/lidar_liskarm_v1/share/lidar_liskarm_v1/package.xml
