[0.014s] Invoking command in '/workspaces/LiDAR-Liskarm-v1/build/lidar_liskarm_v1': CMAKE_PREFIX_PATH=/opt/ros/humble /usr/bin/cmake /workspaces/LiDAR-Liskarm-v1/src/lidar_liskarm_v1 -DCMAKE_INSTALL_PREFIX=/workspaces/LiDAR-Liskarm-v1/install/lidar_liskarm_v1
[0.166s] -- The C compiler identification is GNU 11.4.0
[0.260s] -- The CXX compiler identification is GNU 11.4.0
[0.268s] -- Detecting C compiler ABI info
[0.332s] -- Detecting C compiler ABI info - done
[0.337s] -- Check for working C compiler: /usr/bin/cc - skipped
[0.337s] -- Detecting C compile features
[0.338s] -- Detecting C compile features - done
[0.340s] -- Detecting CXX compiler ABI info
[0.394s] -- Detecting CXX compiler ABI info - done
[0.398s] -- Check for working CXX compiler: /usr/bin/c++ - skipped
[0.398s] -- Detecting CXX compile features
[0.398s] -- Detecting CXX compile features - done
[0.416s] -- Found ament_cmake: 1.3.8 (/opt/ros/humble/share/ament_cmake/cmake)
[0.511s] -- Found Python3: /usr/bin/python3 (found version "3.10.12") found components: Interpreter 
[0.579s] -- Found ament_lint_auto: 0.12.10 (/opt/ros/humble/share/ament_lint_auto/cmake)
[0.634s] -- Added test 'cppcheck' to perform static code analysis on C / C++ code
[0.634s] -- Configured cppcheck include dirs: 
[0.634s] -- Configured cppcheck exclude dirs and/or files: 
[0.634s] -- Added test 'lint_cmake' to check CMake code style
[0.635s] -- Added test 'uncrustify' to check C / C++ code style
[0.636s] -- Configured uncrustify additional arguments: 
[0.636s] -- Added test 'xmllint' to check XML markup files
[0.637s] -- Configuring done
[0.642s] -- Generating done
[0.643s] -- Build files have been written to: /workspaces/LiDAR-Liskarm-v1/build/lidar_liskarm_v1
[0.646s] Invoked command in '/workspaces/LiDAR-Liskarm-v1/build/lidar_liskarm_v1' returned '0': CMAKE_PREFIX_PATH=/opt/ros/humble /usr/bin/cmake /workspaces/LiDAR-Liskarm-v1/src/lidar_liskarm_v1 -DCMAKE_INSTALL_PREFIX=/workspaces/LiDAR-Liskarm-v1/install/lidar_liskarm_v1
[0.647s] Invoking command in '/workspaces/LiDAR-Liskarm-v1/build/lidar_liskarm_v1': CMAKE_PREFIX_PATH=/opt/ros/humble /usr/bin/cmake --build /workspaces/LiDAR-Liskarm-v1/build/lidar_liskarm_v1 -- -j16 -l16
[0.667s] Invoked command in '/workspaces/LiDAR-Liskarm-v1/build/lidar_liskarm_v1' returned '0': CMAKE_PREFIX_PATH=/opt/ros/humble /usr/bin/cmake --build /workspaces/LiDAR-Liskarm-v1/build/lidar_liskarm_v1 -- -j16 -l16
[0.684s] Invoking command in '/workspaces/LiDAR-Liskarm-v1/build/lidar_liskarm_v1': CMAKE_PREFIX_PATH=/opt/ros/humble /usr/bin/cmake --install /workspaces/LiDAR-Liskarm-v1/build/lidar_liskarm_v1
[0.688s] -- Install configuration: ""
[0.690s] -- Installing: /workspaces/LiDAR-Liskarm-v1/install/lidar_liskarm_v1/share/ament_index/resource_index/package_run_dependencies/lidar_liskarm_v1
[0.691s] -- Installing: /workspaces/LiDAR-Liskarm-v1/install/lidar_liskarm_v1/share/ament_index/resource_index/parent_prefix_path/lidar_liskarm_v1
[0.691s] -- Installing: /workspaces/LiDAR-Liskarm-v1/install/lidar_liskarm_v1/share/lidar_liskarm_v1/environment/ament_prefix_path.sh
[0.692s] -- Installing: /workspaces/LiDAR-Liskarm-v1/install/lidar_liskarm_v1/share/lidar_liskarm_v1/environment/ament_prefix_path.dsv
[0.692s] -- Installing: /workspaces/LiDAR-Liskarm-v1/install/lidar_liskarm_v1/share/lidar_liskarm_v1/environment/path.sh
[0.692s] -- Installing: /workspaces/LiDAR-Liskarm-v1/install/lidar_liskarm_v1/share/lidar_liskarm_v1/environment/path.dsv
[0.692s] -- Installing: /workspaces/LiDAR-Liskarm-v1/install/lidar_liskarm_v1/share/lidar_liskarm_v1/local_setup.bash
[0.692s] -- Installing: /workspaces/LiDAR-Liskarm-v1/install/lidar_liskarm_v1/share/lidar_liskarm_v1/local_setup.sh
[0.692s] -- Installing: /workspaces/LiDAR-Liskarm-v1/install/lidar_liskarm_v1/share/lidar_liskarm_v1/local_setup.zsh
[0.693s] -- Installing: /workspaces/LiDAR-Liskarm-v1/install/lidar_liskarm_v1/share/lidar_liskarm_v1/local_setup.dsv
[0.693s] -- Installing: /workspaces/LiDAR-Liskarm-v1/install/lidar_liskarm_v1/share/lidar_liskarm_v1/package.dsv
[0.693s] -- Installing: /workspaces/LiDAR-Liskarm-v1/install/lidar_liskarm_v1/share/ament_index/resource_index/packages/lidar_liskarm_v1
[0.693s] -- Installing: /workspaces/LiDAR-Liskarm-v1/install/lidar_liskarm_v1/share/lidar_liskarm_v1/cmake/lidar_liskarm_v1Config.cmake
[0.693s] -- Installing: /workspaces/LiDAR-Liskarm-v1/install/lidar_liskarm_v1/share/lidar_liskarm_v1/cmake/lidar_liskarm_v1Config-version.cmake
[0.693s] -- Installing: /workspaces/LiDAR-Liskarm-v1/install/lidar_liskarm_v1/share/lidar_liskarm_v1/package.xml
[0.695s] Invoked command in '/workspaces/LiDAR-Liskarm-v1/build/lidar_liskarm_v1' returned '0': CMAKE_PREFIX_PATH=/opt/ros/humble /usr/bin/cmake --install /workspaces/LiDAR-Liskarm-v1/build/lidar_liskarm_v1
