[0.012s] Invoking command in '/workspaces/LiDAR-Liskarm-v1/build/lidar_liskarm_v1': CMAKE_PREFIX_PATH=/opt/ros/humble /usr/bin/cmake --build /workspaces/LiDAR-Liskarm-v1/build/lidar_liskarm_v1 -- -j16 -l16
[0.035s] [35m[1mConsolidate compiler generated dependencies of target liskarm_main[0m
[0.051s] [ 50%] [32mBuilding CXX object CMakeFiles/liskarm_main.dir/src/main.cpp.o[0m
[3.291s] [100%] [32m[1mLinking CXX executable liskarm_main[0m
[3.452s] [100%] Built target liskarm_main
[3.458s] Invoked command in '/workspaces/LiDAR-Liskarm-v1/build/lidar_liskarm_v1' returned '0': CMAKE_PREFIX_PATH=/opt/ros/humble /usr/bin/cmake --build /workspaces/LiDAR-Liskarm-v1/build/lidar_liskarm_v1 -- -j16 -l16
[3.475s] Invoking command in '/workspaces/LiDAR-Liskarm-v1/build/lidar_liskarm_v1': CMAKE_PREFIX_PATH=/opt/ros/humble /usr/bin/cmake --install /workspaces/LiDAR-Liskarm-v1/build/lidar_liskarm_v1
[3.478s] -- Install configuration: ""
[3.478s] -- Installing: /workspaces/LiDAR-Liskarm-v1/install/lidar_liskarm_v1/lib/lidar_liskarm_v1/liskarm_main
[3.480s] -- Set runtime path of "/workspaces/LiDAR-Liskarm-v1/install/lidar_liskarm_v1/lib/lidar_liskarm_v1/liskarm_main" to ""
[3.480s] -- Installing: /workspaces/LiDAR-Liskarm-v1/install/lidar_liskarm_v1/share/ament_index/resource_index/package_run_dependencies/lidar_liskarm_v1
[3.480s] -- Up-to-date: /workspaces/LiDAR-Liskarm-v1/install/lidar_liskarm_v1/share/ament_index/resource_index/parent_prefix_path/lidar_liskarm_v1
[3.480s] -- Up-to-date: /workspaces/LiDAR-Liskarm-v1/install/lidar_liskarm_v1/share/lidar_liskarm_v1/environment/ament_prefix_path.sh
[3.480s] -- Installing: /workspaces/LiDAR-Liskarm-v1/install/lidar_liskarm_v1/share/lidar_liskarm_v1/environment/ament_prefix_path.dsv
[3.480s] -- Up-to-date: /workspaces/LiDAR-Liskarm-v1/install/lidar_liskarm_v1/share/lidar_liskarm_v1/environment/path.sh
[3.480s] -- Installing: /workspaces/LiDAR-Liskarm-v1/install/lidar_liskarm_v1/share/lidar_liskarm_v1/environment/path.dsv
[3.480s] -- Up-to-date: /workspaces/LiDAR-Liskarm-v1/install/lidar_liskarm_v1/share/lidar_liskarm_v1/local_setup.bash
[3.480s] -- Up-to-date: /workspaces/LiDAR-Liskarm-v1/install/lidar_liskarm_v1/share/lidar_liskarm_v1/local_setup.sh
[3.480s] -- Up-to-date: /workspaces/LiDAR-Liskarm-v1/install/lidar_liskarm_v1/share/lidar_liskarm_v1/local_setup.zsh
[3.480s] -- Installing: /workspaces/LiDAR-Liskarm-v1/install/lidar_liskarm_v1/share/lidar_liskarm_v1/local_setup.dsv
[3.481s] -- Installing: /workspaces/LiDAR-Liskarm-v1/install/lidar_liskarm_v1/share/lidar_liskarm_v1/package.dsv
[3.481s] -- Up-to-date: /workspaces/LiDAR-Liskarm-v1/install/lidar_liskarm_v1/share/ament_index/resource_index/packages/lidar_liskarm_v1
[3.481s] -- Up-to-date: /workspaces/LiDAR-Liskarm-v1/install/lidar_liskarm_v1/share/lidar_liskarm_v1/cmake/lidar_liskarm_v1Config.cmake
[3.481s] -- Up-to-date: /workspaces/LiDAR-Liskarm-v1/install/lidar_liskarm_v1/share/lidar_liskarm_v1/cmake/lidar_liskarm_v1Config-version.cmake
[3.481s] -- Installing: /workspaces/LiDAR-Liskarm-v1/install/lidar_liskarm_v1/share/lidar_liskarm_v1/package.xml
[3.481s] Invoked command in '/workspaces/LiDAR-Liskarm-v1/build/lidar_liskarm_v1' returned '0': CMAKE_PREFIX_PATH=/opt/ros/humble /usr/bin/cmake --install /workspaces/LiDAR-Liskarm-v1/build/lidar_liskarm_v1
